{"uuid":"56e84018-9e20-4b04-9522-ecc90d30a2ea","historyId":"fd54d665d4dcc03b3a4b85fef6baaa90","fullName":"This feature is to get pending timesheet: This test is to verify the pending timesheet","labels":[{"name":"tag","value":"timesheets"},{"name":"host","value":"MSI"},{"name":"thread","value":"8448@MSI.main(1)"},{"name":"feature","value":"This feature is to get pending timesheet"},{"name":"story","value":"This test is to verify the pending timesheet"},{"name":"suite","value":"This feature is to get pending timesheet"},{"name":"testClass","value":"This test is to verify the pending timesheet"},{"name":"framework","value":"cucumber6jvm"},{"name":"language","value":"java"},{"name":"gherkin_uri","value":"file:///C:/Users/Divakar/eclipse-workspace/Cucumber_UI_Automation/src/test/resources/Features/Verify_Pending_Time_Sheet.feature"},{"name":"package","value":"src.test.resources.Features.Verify_Pending_Time_Sheet_feature.This feature is to get pending timesheet"}],"links":[],"name":"This test is to verify the pending timesheet","status":"failed","statusDetails":{"known":false,"muted":false,"flaky":false,"message":"no such element: Unable to locate element: {\"method\":\"css selector\",\"selector\":\".message\\ warning\"}\n  (Session info: chrome=100.0.4896.88)\nFor documentation on this error, please visit: https://www.seleniumhq.org/exceptions/no_such_element.html\nBuild info: version: '3.141.59', revision: 'e82be7d358', time: '2018-11-14T08:17:03'\nSystem info: host: 'MSI', ip: '192.168.0.115', os.name: 'Windows 10', os.arch: 'amd64', os.version: '10.0', java.version: '1.8.0_241'\nDriver info: org.openqa.selenium.chrome.ChromeDriver\nCapabilities {acceptInsecureCerts: false, browserName: chrome, browserVersion: 100.0.4896.88, chrome: {chromedriverVersion: 100.0.4896.60 (6a5d10861ce8..., userDataDir: C:\\Users\\Divakar\\AppData\\Lo...}, goog:chromeOptions: {debuggerAddress: localhost:61620}, javascriptEnabled: true, networkConnectionEnabled: false, pageLoadStrategy: normal, platform: WINDOWS, platformName: WINDOWS, proxy: Proxy(), setWindowRect: true, strictFileInteractability: false, timeouts: {implicit: 0, pageLoad: 300000, script: 30000}, unhandledPromptBehavior: dismiss and notify, webauthn:extension:credBlob: true, webauthn:extension:largeBlob: true, webauthn:virtualAuthenticators: true}\nSession ID: a02b4673b1a4e9561e2f1e3bf9a82699\n*** Element info: {Using=class name, value=message warning}","trace":"java.lang.AssertionError: no such element: Unable to locate element: {\"method\":\"css selector\",\"selector\":\".message\\ warning\"}\n  (Session info: chrome=100.0.4896.88)\nFor documentation on this error, please visit: https://www.seleniumhq.org/exceptions/no_such_element.html\nBuild info: version: '3.141.59', revision: 'e82be7d358', time: '2018-11-14T08:17:03'\nSystem info: host: 'MSI', ip: '192.168.0.115', os.name: 'Windows 10', os.arch: 'amd64', os.version: '10.0', java.version: '1.8.0_241'\nDriver info: org.openqa.selenium.chrome.ChromeDriver\nCapabilities {acceptInsecureCerts: false, browserName: chrome, browserVersion: 100.0.4896.88, chrome: {chromedriverVersion: 100.0.4896.60 (6a5d10861ce8..., userDataDir: C:\\Users\\Divakar\\AppData\\Lo...}, goog:chromeOptions: {debuggerAddress: localhost:61620}, javascriptEnabled: true, networkConnectionEnabled: false, pageLoadStrategy: normal, platform: WINDOWS, platformName: WINDOWS, proxy: Proxy(), setWindowRect: true, strictFileInteractability: false, timeouts: {implicit: 0, pageLoad: 300000, script: 30000}, unhandledPromptBehavior: dismiss and notify, webauthn:extension:credBlob: true, webauthn:extension:largeBlob: true, webauthn:virtualAuthenticators: true}\nSession ID: a02b4673b1a4e9561e2f1e3bf9a82699\n*** Element info: {Using=class name, value=message warning}\r\n\tat org.junit.Assert.fail(Assert.java:89)\r\n\tat StepDefinition.Verify_Pending_Time_Sheet.the_user_should_see_the_message_as(Verify_Pending_Time_Sheet.java:97)\r\n\tat ✽.the user should see the message as \"No Timesheets Found\"(file:///C:/Users/Divakar/eclipse-workspace/Cucumber_UI_Automation/src/test/resources/Features/Verify_Pending_Time_Sheet.feature:8)\r\n"},"stage":"finished","steps":[{"name":"Given  the user is on the homepage","status":"passed","statusDetails":{"known":false,"muted":false,"flaky":false},"stage":"finished","steps":[],"attachments":[],"parameters":[],"start":1650310075262,"stop":1650310075282},{"name":"And  the user clicks on the time option from the menu","status":"passed","statusDetails":{"known":false,"muted":false,"flaky":false},"stage":"finished","steps":[],"attachments":[],"parameters":[],"start":1650310075285,"stop":1650310077663},{"name":"And  the user enters the name as \"John Smith\"","status":"passed","statusDetails":{"known":false,"muted":false,"flaky":false},"stage":"finished","steps":[],"attachments":[],"parameters":[],"start":1650310077666,"stop":1650310079728},{"name":"And  clicks on the view button","status":"passed","statusDetails":{"known":false,"muted":false,"flaky":false},"stage":"finished","steps":[],"attachments":[],"parameters":[],"start":1650310079731,"stop":1650310079840},{"name":"Then  the user should see the message as \"No Timesheets Found\"","status":"failed","statusDetails":{"known":false,"muted":false,"flaky":false,"message":"no such element: Unable to locate element: {\"method\":\"css selector\",\"selector\":\".message\\ warning\"}\n  (Session info: chrome=100.0.4896.88)\nFor documentation on this error, please visit: https://www.seleniumhq.org/exceptions/no_such_element.html\nBuild info: version: '3.141.59', revision: 'e82be7d358', time: '2018-11-14T08:17:03'\nSystem info: host: 'MSI', ip: '192.168.0.115', os.name: 'Windows 10', os.arch: 'amd64', os.version: '10.0', java.version: '1.8.0_241'\nDriver info: org.openqa.selenium.chrome.ChromeDriver\nCapabilities {acceptInsecureCerts: false, browserName: chrome, browserVersion: 100.0.4896.88, chrome: {chromedriverVersion: 100.0.4896.60 (6a5d10861ce8..., userDataDir: C:\\Users\\Divakar\\AppData\\Lo...}, goog:chromeOptions: {debuggerAddress: localhost:61620}, javascriptEnabled: true, networkConnectionEnabled: false, pageLoadStrategy: normal, platform: WINDOWS, platformName: WINDOWS, proxy: Proxy(), setWindowRect: true, strictFileInteractability: false, timeouts: {implicit: 0, pageLoad: 300000, script: 30000}, unhandledPromptBehavior: dismiss and notify, webauthn:extension:credBlob: true, webauthn:extension:largeBlob: true, webauthn:virtualAuthenticators: true}\nSession ID: a02b4673b1a4e9561e2f1e3bf9a82699\n*** Element info: {Using=class name, value=message warning}","trace":"java.lang.AssertionError: no such element: Unable to locate element: {\"method\":\"css selector\",\"selector\":\".message\\ warning\"}\n  (Session info: chrome=100.0.4896.88)\nFor documentation on this error, please visit: https://www.seleniumhq.org/exceptions/no_such_element.html\nBuild info: version: '3.141.59', revision: 'e82be7d358', time: '2018-11-14T08:17:03'\nSystem info: host: 'MSI', ip: '192.168.0.115', os.name: 'Windows 10', os.arch: 'amd64', os.version: '10.0', java.version: '1.8.0_241'\nDriver info: org.openqa.selenium.chrome.ChromeDriver\nCapabilities {acceptInsecureCerts: false, browserName: chrome, browserVersion: 100.0.4896.88, chrome: {chromedriverVersion: 100.0.4896.60 (6a5d10861ce8..., userDataDir: C:\\Users\\Divakar\\AppData\\Lo...}, goog:chromeOptions: {debuggerAddress: localhost:61620}, javascriptEnabled: true, networkConnectionEnabled: false, pageLoadStrategy: normal, platform: WINDOWS, platformName: WINDOWS, proxy: Proxy(), setWindowRect: true, strictFileInteractability: false, timeouts: {implicit: 0, pageLoad: 300000, script: 30000}, unhandledPromptBehavior: dismiss and notify, webauthn:extension:credBlob: true, webauthn:extension:largeBlob: true, webauthn:virtualAuthenticators: true}\nSession ID: a02b4673b1a4e9561e2f1e3bf9a82699\n*** Element info: {Using=class name, value=message warning}\r\n\tat org.junit.Assert.fail(Assert.java:89)\r\n\tat StepDefinition.Verify_Pending_Time_Sheet.the_user_should_see_the_message_as(Verify_Pending_Time_Sheet.java:97)\r\n\tat ✽.the user should see the message as \"No Timesheets Found\"(file:///C:/Users/Divakar/eclipse-workspace/Cucumber_UI_Automation/src/test/resources/Features/Verify_Pending_Time_Sheet.feature:8)\r\n"},"stage":"finished","steps":[],"attachments":[],"parameters":[],"start":1650310079844,"stop":1650310079924}],"attachments":[],"parameters":[{"name":"message","value":"No Timesheets Found"}],"start":1650310075254,"stop":1650310080569}